\BOOKMARK [1][-]{section.1}{\376\377\000I\000n\000t\000r\000o\000d\000u\000c\000t\000i\000o\000n}{}% 1
\BOOKMARK [1][-]{section.2}{\376\377\000B\000a\000c\000k\000g\000r\000o\000u\000n\000d\000\040\000a\000n\000d\000\040\000r\000e\000l\000a\000t\000e\000d\000\040\000w\000o\000r\000k}{}% 2
\BOOKMARK [2][-]{subsection.2.1}{\376\377\000L\000i\000t\000e\000r\000a\000t\000u\000r\000e\000\040\000o\000n\000\040\000e\000x\000p\000l\000a\000i\000n\000a\000b\000l\000e\000\040\000A\000I}{section.2}% 3
\BOOKMARK [2][-]{subsection.2.2}{\376\377\000A\000\040\000f\000r\000a\000m\000e\000w\000o\000r\000k\000\040\000f\000o\000r\000\040\000C\000o\000u\000n\000t\000e\000r\000f\000a\000c\000t\000u\000a\000l\000\040\000E\000x\000p\000l\000a\000n\000a\000t\000i\000o\000n\000s}{section.2}% 4
\BOOKMARK [2][-]{subsection.2.3}{\376\377\000E\000x\000i\000s\000t\000i\000n\000g\000\040\000s\000o\000f\000t\000w\000a\000r\000e}{section.2}% 5
\BOOKMARK [1][-]{section.3}{\376\377\000I\000n\000t\000r\000o\000d\000u\000c\000i\000n\000g\000:\000\040\000C\000o\000u\000n\000t\000e\000r\000f\000a\000c\000t\000u\000a\000l\000E\000x\000p\000l\000a\000n\000a\000t\000i\000o\000n\000s\000.\000j\000l}{}% 6
\BOOKMARK [1][-]{section.4}{\376\377\000B\000a\000s\000i\000c\000\040\000U\000s\000a\000g\000e}{}% 7
\BOOKMARK [2][-]{subsection.4.1}{\376\377\000A\000\040\000S\000i\000m\000p\000l\000e\000\040\000G\000e\000n\000e\000r\000i\000c\000\040\000G\000e\000n\000e\000r\000a\000t\000o\000r}{section.4}% 8
\BOOKMARK [2][-]{subsection.4.2}{\376\377\000M\000o\000r\000e\000\040\000A\000d\000v\000a\000n\000c\000e\000d\000\040\000G\000e\000n\000e\000r\000a\000t\000o\000r\000s}{section.4}% 9
\BOOKMARK [2][-]{subsection.4.3}{\376\377\000M\000u\000t\000a\000b\000i\000l\000i\000t\000y\000\040\000C\000o\000n\000s\000t\000r\000a\000i\000n\000t\000s}{section.4}% 10
\BOOKMARK [1][-]{section.5}{\376\377\000C\000u\000s\000t\000o\000m\000i\000z\000a\000t\000i\000o\000n\000\040\000a\000n\000d\000\040\000E\000x\000t\000e\000n\000s\000i\000b\000i\000l\000i\000t\000y}{}% 11
\BOOKMARK [2][-]{subsection.5.1}{\376\377\000A\000d\000d\000i\000n\000g\000\040\000C\000u\000s\000t\000o\000m\000\040\000M\000o\000d\000e\000l\000s}{section.5}% 12
\BOOKMARK [2][-]{subsection.5.2}{\376\377\000A\000d\000d\000i\000n\000g\000\040\000C\000u\000s\000t\000o\000m\000\040\000G\000e\000n\000e\000r\000a\000t\000o\000r\000s}{section.5}% 13
\BOOKMARK [3][-]{subsubsection.5.2.1}{\376\377\000A\000\040\000G\000e\000n\000e\000r\000a\000t\000o\000r\000\040\000w\000i\000t\000h\000\040\000D\000r\000o\000p\000o\000u\000t}{subsection.5.2}% 14
\BOOKMARK [2][-]{subsection.5.3}{\376\377\000A\000d\000d\000i\000n\000g\000\040\000F\000o\000r\000e\000i\000g\000n\000\040\000L\000a\000n\000g\000u\000a\000g\000e\000\040\000S\000u\000p\000p\000o\000r\000t}{section.5}% 15
\BOOKMARK [3][-]{subsubsection.5.3.1}{\376\377\000E\000x\000p\000l\000a\000i\000n\000i\000n\000g\000\040\000a\000\040\000m\000o\000d\000e\000l\000\040\000t\000r\000a\000i\000n\000e\000d\000\040\000i\000n\000\040\000R}{subsection.5.3}% 16
\BOOKMARK [1][-]{section.6}{\376\377\000A\000\040\000W\000o\000r\000k\000e\000d\000\040\000E\000x\000a\000m\000p\000l\000e\000\040\000-\000\040\000M\000N\000I\000S\000T}{}% 17
\BOOKMARK [1][-]{section.7}{\376\377\000D\000i\000s\000c\000u\000s\000s\000i\000o\000n\000g\000\040\000a\000n\000d\000\040\000O\000u\000t\000l\000o\000o\000k}{}% 18
\BOOKMARK [2][-]{subsection.7.1}{\376\377\000C\000a\000n\000d\000i\000d\000a\000t\000e\000\040\000m\000o\000d\000e\000l\000s\000\040\000a\000n\000d\000\040\000g\000e\000n\000e\000r\000a\000t\000o\000r\000s}{section.7}% 19
\BOOKMARK [2][-]{subsection.7.2}{\376\377\000C\000a\000n\000d\000i\000d\000a\000t\000e\000\040\000d\000a\000t\000a\000s\000e\000t\000s}{section.7}% 20
\BOOKMARK [2][-]{subsection.7.3}{\376\377\000I\000m\000p\000r\000o\000v\000e\000d\000\040\000d\000a\000t\000a\000\040\000p\000r\000e\000p\000r\000o\000c\000e\000s\000s\000i\000n\000g}{section.7}% 21
\BOOKMARK [1][-]{section.8}{\376\377\000C\000o\000n\000c\000l\000u\000d\000i\000n\000g\000\040\000r\000e\000m\000a\000r\000k\000s}{}% 22
\BOOKMARK [1][-]{section.9}{\376\377\000R\000e\000f\000e\000r\000e\000n\000c\000e\000s}{}% 23
